0000000000000000 b _TLS_MODULE_BASE_
0000000000000000 T __code_start
0000000000000000 0000000000000401 b __fixedpath
0000000000000000 A __start__
0000000000000000 T _start
0000000000000080 t startup
00000000000000a4 t bssclr_start
00000000000000cc t bss_loop
0000000000000120 T __nx_exit
0000000000000130 T __nx_mod0
0000000000000158 T _init
00000000000001c0 0000000000000038 T exit
0000000000000200 00000000000008f8 T main
0000000000000404 0000000000000004 b fsdev_last_result
0000000000000408 0000000000002000 b tmp_buffer.7476
0000000000000af8 t deregister_tm_clones
0000000000000b28 t register_tm_clones
0000000000000b60 t __do_global_dtors_aux
0000000000000ba8 t frame_dummy
0000000000000be0 0000000000000030 T __libnx_initheap
0000000000000c10 0000000000000054 W __appInit
0000000000000c70 0000000000000020 W __appExit
0000000000000c90 0000000000000034 t ipcCloseObjectById
0000000000000cd0 000000000000012c t _timeGetSession
0000000000000e00 00000000000001ec T timeExit
0000000000000ff0 00000000000000d8 T timeInitialize
00000000000010d0 0000000000000124 T timeGetCurrentTime
0000000000001200 0000000000000118 T timeToCalendarTimeWithMyRule
0000000000001320 0000000000000034 t ipcCloseObjectById
0000000000001360 0000000000000124 t _hidGetSharedMemoryHandle.constprop.18
0000000000001490 0000000000000100 t _hidCmdWithNoInput
0000000000001590 0000000000000134 t _hidCreateAppletResource.constprop.17
00000000000016d0 000000000000010c t _hidCmdWithInputU32
00000000000017e0 0000000000000108 t _hidCmdWithInputU64.constprop.24
00000000000018f0 00000000000001f8 T hidReset
0000000000001af0 000000000000000c T hidGetSharedmemAddr
0000000000001b00 0000000000000078 T hidGetControllerType
0000000000001b80 000000000000006c T hidKeysDown
0000000000001bf0 000000000000000c T hidTouchCount
0000000000001c00 0000000000000598 T hidScanInput
00000000000021a0 000000000000000c T hidSetSupportedNpadStyleSet
00000000000021b0 0000000000000198 T hidSetSupportedNpadIdType
0000000000002350 0000000000000008 T hidSetNpadJoyHoldType
0000000000002360 0000000000000024 T hidSetNpadJoyAssignmentModeDual
0000000000002390 0000000000000080 T hidFinalizeSevenSixAxisSensor
0000000000002408 0000000000002000 b tmp_buffer.7500
0000000000002410 0000000000000134 T hidExit
0000000000002550 0000000000000170 T hidInitialize
00000000000026c0 0000000000000140 t _fatalImpl
0000000000002800 0000000000000014 T fatalWithType
0000000000002820 0000000000000014 T fatalSimple
0000000000002840 0000000000000034 t ipcCloseObjectById
0000000000002880 0000000000000044 T smAddOverrideHandle
00000000000028d0 0000000000000060 T smGetServiceOverride
0000000000002930 0000000000000014 T smHasInitialized
0000000000002950 000000000000009c T smExit
00000000000029f0 0000000000000038 T smEncodeName
0000000000002a30 000000000000022c T smGetServiceOriginal
0000000000002c60 000000000000027c T smInitialize
0000000000002ee0 0000000000000074 T smGetService
0000000000002f60 0000000000000220 t ipcPrepareHeader
0000000000003180 000000000000022c t ipcParse
00000000000033b0 00000000000000b0 t serviceIpcParse
0000000000003460 0000000000000034 t ipcCloseObjectById
00000000000034a0 0000000000000200 T fsInitialize
00000000000036a0 000000000000009c T fsExit
0000000000003740 00000000000001ec T fsMountSdcard
0000000000003930 00000000000001a4 T fsFsCreateFile
0000000000003ae0 000000000000019c T fsFsDeleteFile
0000000000003c80 000000000000019c T fsFsCreateDirectory
0000000000003e20 000000000000019c T fsFsDeleteDirectory
0000000000003fc0 0000000000000214 T fsFsRenameFile
00000000000041e0 0000000000000214 T fsFsRenameDirectory
0000000000004400 00000000000001b0 T fsFsGetEntryType
00000000000045b0 00000000000001e4 T fsFsOpenFile
00000000000047a0 00000000000001f8 T fsFsOpenDirectory
00000000000049a0 00000000000001b0 T fsFsGetFreeSpace
0000000000004b50 00000000000001b0 T fsFsGetTotalSpace
0000000000004d00 0000000000000194 T fsFsGetFileTimeStampRaw
0000000000004ea0 000000000000006c T fsFsClose
0000000000004f10 00000000000001fc T fsFileRead
0000000000005110 00000000000001c8 T fsFileWrite
00000000000052e0 000000000000017c T fsFileFlush
0000000000005460 000000000000018c T fsFileSetSize
00000000000055f0 00000000000001c0 T fsFileGetSize
00000000000057b0 000000000000006c T fsFileClose
0000000000005820 000000000000006c T fsDirClose
0000000000005890 00000000000001ec T fsDirRead
0000000000005a80 0000000000000010 T hosversionGet
0000000000005a90 0000000000000010 T hosversionSet
0000000000005aa0 000000000000001c T __syscall_exit
0000000000005ac0 0000000000000034 T __syscall_getreent
0000000000005b00 0000000000000004 T __syscall_lock_acquire
0000000000005b10 0000000000000004 T __syscall_lock_release
0000000000005b20 0000000000000004 T __syscall_lock_acquire_recursive
0000000000005b30 0000000000000004 T __syscall_lock_release_recursive
0000000000005b40 000000000000027c T __libnx_init_time
0000000000005dc0 000000000000008c T __syscall_gettod_r
0000000000005e50 0000000000000080 T newlibSetup
0000000000005ed0 0000000000000010 t fsdev_link
0000000000005ee0 0000000000000010 t fsdev_dirreset
0000000000005ef0 0000000000000010 t fsdev_chmod
0000000000005f00 000000000000001c t error_cmp
0000000000005f20 000000000000005c t fsdev_translate_error
0000000000005f80 0000000000000040 t fsdev_fsync
0000000000005fc0 0000000000000060 t fsdev_ftruncate
0000000000006020 0000000000000020 t fsdev_dirclose
0000000000006040 000000000000016c t fsdev_dirnext
00000000000061b0 000000000000001c t fsdev_close
00000000000061d0 00000000000000a4 t fsdev_fstat
0000000000006280 00000000000000b0 t fsdev_seek
0000000000006330 00000000000001a0 t fsdev_read
00000000000064d0 00000000000001a8 t fsdev_write
0000000000006680 0000000000000120 t fsdevFindDevice
00000000000067a0 0000000000000140 t _fsdevMountDevice
00000000000068e0 00000000000001fc t fsdev_getfspath
0000000000006ae0 0000000000000070 t fsdev_rmdir
0000000000006b50 00000000000000d4 t fsdev_statvfs
0000000000006c30 00000000000000ec t fsdev_diropen
0000000000006d20 0000000000000070 t fsdev_mkdir
0000000000006d90 0000000000000114 t fsdev_rename
0000000000006eb0 00000000000000e8 t fsdev_chdir
0000000000006fa0 0000000000000070 t fsdev_unlink
0000000000007010 00000000000001bc t fsdev_stat
00000000000071d0 000000000000019c t fsdev_open
0000000000007370 00000000000000b8 t _fsdevUnmountDeviceStruct.part.4
0000000000007430 0000000000000010 t fsdev_fchmod
0000000000007440 0000000000000170 T fsdevMountSdmc
00000000000075b0 0000000000000064 T fsdevUnmountAll
0000000000007620 000000000000012c T decode_utf8
000000000000774c T svcUnmapMemory
0000000000007754 T svcQueryMemory
0000000000007768 T svcExitProcess
0000000000007770 T svcSleepThread
0000000000007778 T svcMapSharedMemory
0000000000007780 T svcUnmapSharedMemory
0000000000007788 T svcCloseHandle
0000000000007790 T svcArbitrateLock
0000000000007798 T svcArbitrateUnlock
00000000000077a0 T svcWaitProcessWideKeyAtomic
00000000000077a8 T svcSignalProcessWideKey
00000000000077b0 T svcConnectToNamedPort
00000000000077c4 T svcSendSyncRequest
00000000000077cc T svcBreak
00000000000077d4 T svcReturnFromException
00000000000077dc T svcGetInfo
00000000000077f0 T svcUnmapTransferMemory
00000000000077f8 T __aarch64_read_tp
0000000000007810 000000000000017c T detectKernelVersion
0000000000007990 0000000000000030 T detectDebugger
00000000000079c0 0000000000000014 T shmemLoadRemote
00000000000079e0 0000000000000084 T shmemMap
0000000000007a70 0000000000000058 T shmemUnmap
0000000000007ad0 0000000000000044 T shmemClose
0000000000007b20 0000000000000058 T rwlockReadLock
0000000000007b80 000000000000005c T rwlockReadUnlock
0000000000007be0 0000000000000084 T rwlockWriteLock
0000000000007c70 000000000000003c T rwlockWriteUnlock
0000000000007cb0 0000000000000058 T tmemUnmap
0000000000007d10 0000000000000068 T tmemClose
0000000000007d80 000000000000008c T mutexLock
0000000000007e10 0000000000000030 T mutexUnlock
0000000000007e40 000000000000004c T rmutexLock
0000000000007e90 000000000000001c T rmutexUnlock
0000000000007eb0 000000000000007c t _GetRegionFromInfo.isra.1
0000000000007f30 0000000000000114 T virtmemSetup
0000000000008050 000000000000013c T virtmemReserve
0000000000008190 0000000000000004 T virtmemFree
00000000000081a0 0000000000000060 T condvarWaitTimeout
0000000000008200 0000000000000028 T appletGetAppletResourceUserId
0000000000008230 00000000000000a0 T __nx_dynamic
00000000000082d0 0000000000000028 W __libnx_init
0000000000008300 0000000000000020 W __libnx_exit
0000000000008320 0000000000000254 T envSetup
0000000000008580 0000000000000020 T envGetMainThreadHandle
00000000000085a0 000000000000000c T envIsNso
00000000000085b0 0000000000000014 T envHasArgv
00000000000085d0 000000000000000c T envGetArgv
00000000000085e0 000000000000000c T envGetExitFuncPtr
00000000000085f0 0000000000000324 T argvSetup
0000000000008914 W __libnx_exception_entry
00000000000089a0 t __libnx_exception_entry_start
0000000000008ac8 t __libnx_exception_entry_abort
0000000000008acc t __libnx_exception_entry_end
0000000000008ad4 T __libnx_exception_returnentry
0000000000008af0 00000000000000c4 T nxlinkSetup
0000000000008bb8 00000000000000b8 T bsearch
0000000000008c70 0000000000000014 T __errno
0000000000008c88 000000000000015c T _fclose_r
0000000000008de8 000000000000001c T fclose
0000000000008e08 0000000000000214 T __sflush_r
0000000000009020 00000000000000b8 T _fflush_r
00000000000090d8 0000000000000040 T fflush
0000000000009118 0000000000000078 t std
0000000000009190 000000000000000c T _cleanup_r
00000000000091a0 0000000000000060 T __sfmoreglue
0000000000009200 000000000000000c T __sfp_lock_acquire
0000000000009210 000000000000000c T __sfp_lock_release
0000000000009220 000000000000000c T __sinit_lock_acquire
0000000000009230 000000000000000c T __sinit_lock_release
0000000000009240 0000000000000080 T __sinit
00000000000092c0 0000000000000118 T __sfp
00000000000093d8 0000000000000044 T __libc_fini_array
0000000000009420 0000000000000130 T _fopen_r
0000000000009550 0000000000000030 T fopen
0000000000009580 0000000000000094 T fprintf
0000000000009618 0000000000000118 T _malloc_trim_r
0000000000009730 00000000000002f4 T _free_r
0000000000009a28 0000000000000004 T _fseek_r
0000000000009a30 00000000000004c4 T _fseeko_r
0000000000009ef8 00000000000000b8 T _fwalk
0000000000009fb0 00000000000000bc T _fwalk_reent
000000000000a070 000000000000008c T __libc_init_array
000000000000a100 0000000000000028 T localtime
000000000000a128 0000000000000380 T localtime_r
000000000000a4a8 00000000000000a4 T __swhatbuf_r
000000000000a550 000000000000010c T __smakebuf_r
000000000000a660 000000000000001c T malloc
000000000000a680 000000000000001c T free
000000000000a6a0 000000000000087c T _malloc_r
000000000000af40 000000000000016c T memcpy
000000000000b0c0 00000000000001dc T memset
000000000000b2a0 000000000000000c T __malloc_lock
000000000000b2b0 000000000000000c T __malloc_unlock
000000000000b2c0 0000000000000020 t lflush
000000000000b2e0 00000000000001d0 T __srefill_r
000000000000b4b0 000000000000003c T setenv
000000000000b4f0 0000000000000264 T _setenv_r
000000000000b758 00000000000000a8 T sprintf
000000000000b800 0000000000000050 T __sread
000000000000b850 0000000000000008 T __seofread
000000000000b858 000000000000006c T __swrite
000000000000b8c8 0000000000000050 T __sseek
000000000000b918 0000000000000008 T __sclose
000000000000b920 00000000000000dc T strchr
000000000000ba00 00000000000000e4 T strcmp
000000000000bb00 00000000000001b8 T strcpy
000000000000bcc0 0000000000000140 T strlen
000000000000be00 0000000000000084 T strncat
000000000000bedc 00000000000001b8 T strncmp
000000000000c098 00000000000000a8 T strncpy
000000000000c164 00000000000000e0 T strnlen
000000000000c220 00000000000001ac t _strtoul_l.isra.0
000000000000c3d0 0000000000000034 T _strtoul_r
000000000000c408 0000000000000048 T strtoul
000000000000c450 000000000000076c t get_arg
000000000000cbbc 0000000000003b38 T _svfprintf_r
00000000000106f8 0000000000000040 T time
0000000000010738 0000000000000230 T __tzcalc_limits
0000000000010968 000000000000000c T __tz_lock
0000000000010978 000000000000000c T __tz_unlock
0000000000010988 0000000000000014 T _tzset_unlocked
00000000000109a0 000000000000050c T _tzset_unlocked_r
0000000000010eac 000000000000076c t get_arg
0000000000011618 0000000000003c28 T _vfprintf_r
0000000000015240 00000000000000ec t __sbprintf
0000000000015330 00000000000000d0 T _wcrtomb_r
0000000000015400 0000000000000010 T _wcsrtombs_r
0000000000015410 0000000000000140 T __swsetup_r
0000000000015550 0000000000000124 T __call_exitprocs
0000000000015678 00000000000001a8 t quorem
0000000000015820 00000000000010dc T _dtoa_r
0000000000016900 000000000000000c T __env_lock
0000000000016910 000000000000000c T __env_unlock
0000000000016920 00000000000000a8 T __sflags
00000000000169c8 0000000000000100 T _findenv_r
0000000000016ac8 0000000000000018 T _getenv_r
0000000000016ae0 000000000000000c T __gettzinfo
0000000000016af0 0000000000000290 T gmtime_r
0000000000016d80 0000000000000008 T __localeconv_l
0000000000016d88 0000000000000028 T _localeconv_r
0000000000016db0 000000000000002c T __locale_mb_cur_max
0000000000016de0 00000000000002c8 T __utf8_mbtowc
00000000000170a8 00000000000000d8 T memchr
0000000000017180 0000000000000090 T _Balloc
0000000000017210 000000000000001c T _Bfree
0000000000017230 00000000000000e8 T __multadd
0000000000017318 000000000000005c T __hi0bits
0000000000017378 00000000000000a0 T __lo0bits
0000000000017418 000000000000002c T __i2b
0000000000017448 00000000000001c8 T __multiply
0000000000017610 0000000000000104 T __pow5mult
0000000000017718 0000000000000134 T __lshift
0000000000017850 0000000000000050 T __mcmp
00000000000178a0 000000000000014c T __mdiff
00000000000179f0 0000000000000138 T __d2b
0000000000017b28 000000000000056c T _realloc_r
0000000000018098 000000000000007c T frexp
0000000000018118 00000000000000bc T siscanf
00000000000181d8 00000000000001a0 t _strtol_l.isra.0
0000000000018378 0000000000000034 T _strtol_r
00000000000183ac 00000000000001c0 T __ssprint_r
000000000001856c 000000000000005c t get_arg
00000000000185c8 00000000000000f4 T _sungetc_r
00000000000186bc 0000000000000070 T __ssrefill_r
000000000001872c 00000000000000e0 T _sfread_r
000000000001880c 0000000000002804 T __ssvfiscanf_r
000000000001b010 00000000000000c8 T __submore
000000000001b0d8 000000000000003c T __sprint_r
000000000001b118 00000000000001dc T _wcsnrtombs_l
000000000001b2f8 0000000000000054 T _wcsnrtombs_r
000000000001b350 00000000000000e4 T __utf8_wctomb
000000000001b438 0000000000000094 T _calloc_r
000000000001b4d0 00000000000004b8 T __sfvwrite_r
000000000001b988 0000000000000008 T iswspace
000000000001b990 00000000000000d8 T _mbrtowc_r
000000000001ba80 00000000000000ac T memmove
000000000001bb30 0000000000000030 T realloc
000000000001bb60 00000000000000bc T __sccl
000000000001bc20 00000000000001a0 t _strtoll_l.isra.0
000000000001bdc0 0000000000000034 T _strtoll_r
000000000001bdf8 00000000000001ac t _strtoull_l.isra.0
000000000001bfa8 0000000000000034 T _strtoull_r
000000000001bfe0 000000000000004c T iswspace_l
000000000001c030 0000000000000244 t __jp2uc
000000000001c278 00000000000000bc T _jp2uc_l
000000000001c338 0000000000000088 T category
000000000001c3c0 0000000000000008 t null_write
000000000001c3c8 0000000000000018 T setDefaultDevice
000000000001c3e0 0000000000000108 T FindDevice
000000000001c4e8 0000000000000034 T RemoveDevice
000000000001c520 00000000000000d8 T AddDevice
000000000001c5f8 00000000000000a8 T _close_r
000000000001c6a0 0000000000000080 T _fstat_r
000000000001c720 0000000000000024 T _gettimeofday_r
000000000001c748 0000000000000008 T _isatty_r
000000000001c750 0000000000000094 T _lseek_r
000000000001c7e8 00000000000000e0 T _open_r
000000000001c8c8 00000000000000a4 T _read_r
000000000001c970 0000000000000078 T _sbrk_r
000000000001c9e8 00000000000000a4 T _write_r
000000000001ca90 0000000000000020 T _exit
000000000001cab0 0000000000000234 T _concatenate_path
000000000001cce8 0000000000000178 T chdir
000000000001ce60 0000000000000074 T mkdir
000000000001ced8 0000000000000014 T __libc_lock_acquire
000000000001cef0 0000000000000014 T __libc_lock_release
000000000001cf08 000000000000000c T __libc_lock_init_recursive
000000000001cf18 0000000000000014 T __libc_lock_acquire_recursive
000000000001cf30 0000000000000014 T __libc_lock_release_recursive
000000000001cf48 0000000000000004 T __libc_lock_close_recursive
000000000001cf50 000000000000003c T __free_handle
000000000001cf90 0000000000000058 T __release_handle
000000000001cfe8 00000000000000c0 T __alloc_handle
000000000001d0a8 0000000000000020 T __get_handle
000000000001d0c8 0000000000000020 T __getreent
000000000001d0e8 0000000000000348 t __trunctfdf2
000000000001d430 0000000000000070 t __sfp_handle_exceptions
000000000001d4a0 0000000000000100 T strrchr
000000000001d5a0 T _fini
000000000001e000 R __rodata_start
000000000001e5c0 0000000000000020 r error_table
000000000001e5f8 0000000000000101 R _ctype_
000000000001e700 0000000000000060 R __month_lengths
000000000001e8e8 0000000000000010 r blanks.6590
000000000001e8f8 0000000000000010 r zeroes.6591
000000000001eab0 0000000000000010 r blanks.6605
000000000001eac0 0000000000000010 r zeroes.6606
000000000001eb68 0000000000000028 R __mprec_bigtens
000000000001eb90 00000000000000c8 R __mprec_tens
000000000001ec58 000000000000000c r p05.5339
000000000001ec68 000000000000006c R __action_table
000000000001ecd8 0000000000000100 R __chclass
000000000001edd8 000000000000006c R __state_table
000000000001ee48 0000000000000022 r basefix.6125
000000000001ee88 00000000000000bc r a1
000000000001ef48 00000000000000bc r a2
000000000001f008 000000000000005b r a3
000000000001f068 0000000000000070 r a6
000000000001f0d8 00000000000000a2 r a7
000000000001f180 0000000000000040 r a8
000000000001f1c0 000000000000172a r b02cf
00000000000208f0 0000000000001a7c r d02f4
0000000000022370 000000000000309c r categories
0000000000025418 0000000000000003 R DIRECTORY_PARENT
0000000000025420 r __EH_FRAME_BEGIN__
0000000000025420 R __eh_frame_hdr_end
0000000000025420 R __eh_frame_hdr_start
0000000000028cbc r __FRAME_END__
0000000000028cc0 a _DYNAMIC
000000000002c000 R __data_start
000000000002c000 t __frame_dummy_init_array_entry
000000000002c000 T __init_array_start
000000000002c000 B __preinit_array_end
000000000002c000 B __preinit_array_start
000000000002c000 D __tdata_lma
000000000002c000 D __tdata_lma_end
000000000002c008 t __do_global_dtors_aux_fini_array_entry
000000000002c008 T __fini_array_start
000000000002c008 T __init_array_end
000000000002c010 a _GLOBAL_OFFSET_TABLE_
000000000002c010 T __fini_array_end
000000000002c010 T __got_start__
000000000002c250 D __got_end__
000000000002c250 0000000000000008 D nx_inner_heap_size
000000000002c2e0 0000000000000004 D __nx_applet_type
000000000002c2e8 0000000000000401 d __cwd
000000000002c6ec 0000000000000004 d fsdev_fsdevice_cwd
000000000002c6f0 0000000000000004 d fsdev_fsdevice_default
000000000002c6f8 00000000000000e0 d fsdev_devoptab
000000000002c7d8 0000000000000008 V __nx_exception_stack_size
000000000002c7e0 0000000000000008 D _impure_ptr
000000000002c7e8 0000000000000768 d impure_data
000000000002cf50 0000000000000008 D _global_impure_ptr
000000000002cf58 0000000000000008 D __malloc_sbrk_base
000000000002cf60 0000000000000008 D __malloc_trim_threshold
000000000002cf68 0000000000000810 D __malloc_av_
000000000002d778 0000000000000010 D _tzname
000000000002d788 0000000000000008 D environ
000000000002d790 0000000000000058 d tzinfo
000000000002d7e8 00000000000001a8 D __global_locale
000000000002d990 0000000000000004 d defaultDevice
000000000002d998 0000000000000080 D devoptab_list
000000000002da18 00000000000000e0 D dotab_stdnull
000000000002daf8 0000000000000400 d _current_working_directory
000000000002def8 0000000000000010 d __stderr_handle
000000000002df08 0000000000000010 d __stdin_handle
000000000002df18 0000000000000010 d __stdout_handle
000000000002df28 0000000000002000 d handles
000000000002ff28 D __TMC_END__
000000000002ff28 D __bss_start__
000000000002ff28 b completed.7870
000000000002ff30 b object.7875
000000000002ff60 0000000000000008 b g_refCnt
000000000002ff68 000000000000000c b g_timeLocalSystemClock
000000000002ff78 000000000000000c b g_timeNetworkSystemClock
000000000002ff88 000000000000000c b g_timeSrv
000000000002ff98 000000000000000c b g_timeTimeZoneService
000000000002ffa8 000000000000000c b g_timeUserSystemClock
000000000002ffb8 0000000000000050 b g_controllerDown
0000000000030008 00000000000001e0 b g_controllerEntries
00000000000301e8 0000000000000190 b g_controllerHeaders
0000000000030378 0000000000000050 b g_controllerHeld
00000000000303c8 0000000000000028 b g_controllerLayout
00000000000303f0 0000000000000500 b g_controllerMisc
00000000000308f0 0000000000000050 b g_controllerOld
0000000000030940 0000000000000004 b g_controllerP1AutoID
0000000000030948 0000000000000050 b g_controllerTimestamps
0000000000030998 0000000000000050 b g_controllerUp
00000000000309e8 000000000000000c b g_hidIAppletResource
00000000000309f8 0000000000000010 b g_hidLock
0000000000030a08 0000000000000020 b g_hidSharedmem
0000000000030a28 000000000000000c b g_hidSrv
0000000000030a38 0000000000000020 b g_keyboardDown
0000000000030a58 0000000000000038 b g_keyboardEntry
0000000000030a90 0000000000000020 b g_keyboardHeld
0000000000030ab0 0000000000000008 b g_keyboardModDown
0000000000030ab8 0000000000000008 b g_keyboardModHeld
0000000000030ac0 0000000000000008 b g_keyboardModOld
0000000000030ac8 0000000000000008 b g_keyboardModUp
0000000000030ad0 0000000000000020 b g_keyboardOld
0000000000030af0 0000000000000008 b g_keyboardTimestamp
0000000000030af8 0000000000000020 b g_keyboardUp
0000000000030b18 0000000000000400 b g_mouse
0000000000030f18 0000000000000008 b g_mouseDown
0000000000030f20 0000000000000008 b g_mouseEntry
0000000000030f28 0000000000000008 b g_mouseHeld
0000000000030f30 0000000000000008 b g_mouseOld
0000000000030f38 0000000000000008 b g_mouseTimestamp
0000000000030f40 0000000000000008 b g_mouseUp
0000000000030f48 0000000000000008 b g_refCnt
0000000000030f50 0000000000000008 b g_sevenSixAxisSensorBuffer
0000000000030f58 0000000000000028 b g_sevenSixAxisSensorTmem0
0000000000030f80 0000000000000028 b g_sevenSixAxisSensorTmem1
0000000000030fa8 000000000000000a b g_sixaxisEnabled
0000000000030fb8 0000000000004650 b g_sixaxisLayouts
0000000000035608 0000000000000298 b g_touchEntry
00000000000358a0 0000000000000008 b g_touchTimestamp
00000000000358a8 0000000000000008 b g_refCnt
00000000000358b0 0000000000000200 b g_smOverrides
0000000000035ab0 0000000000000008 b g_smOverridesNum
0000000000035ab8 000000000000000c b g_smSrv
0000000000035ac8 000000000000000c b g_fsSrv
0000000000035ad8 0000000000000008 b g_refCnt
0000000000035ae0 0000000000000004 b g_hosVersion
0000000000035ae8 0000000000000008 b __bootticks
0000000000035af0 0000000000000008 b __boottime
0000000000035af8 0000000000000004 V __nx_time_type
0000000000035b00 0000000000002300 b fsdev_fsdevices
0000000000037e00 0000000000000001 b fsdev_initialised
0000000000037e04 0000000000000004 b g_Version
0000000000037e08 0000000000000001 b g_VersionCached
0000000000037e0c 0000000000000004 b g_VersionMutex
0000000000037e10 0000000000000010 b g_AddressSpace
0000000000037e20 0000000000000008 b g_CurrentAddr
0000000000037e28 0000000000000030 b g_Region
0000000000037e58 0000000000000004 b g_VirtMemMutex
0000000000037e60 0000000000000008 b g_appletResourceUserId
0000000000037e68 000000000000000c b g_appletSrv
0000000000037e74 0000000000000004 V __nx_exception_ignoredebug
0000000000037e80 0000000000000400 V __nx_exception_stack
0000000000038280 0000000000000001 b g_hasRandomSeed
0000000000038281 0000000000000001 b g_isNso
0000000000038284 0000000000000004 b g_lastLoadResult
0000000000038288 0000000000000008 b g_loaderInfo
0000000000038290 0000000000000008 b g_loaderInfoSize
0000000000038298 0000000000000008 b g_loaderRetAddr
00000000000382a0 0000000000000004 b g_mainThreadHandle
00000000000382a8 0000000000000008 b g_nextLoadArgv
00000000000382b0 0000000000000008 b g_nextLoadPath
00000000000382b8 0000000000000008 b g_overrideArgv
00000000000382c0 0000000000000008 b g_overrideHeapAddr
00000000000382c8 0000000000000008 b g_overrideHeapSize
00000000000382d0 0000000000000004 b g_processHandle
00000000000382d8 0000000000000010 b g_randomSeed
00000000000382e8 0000000000000010 b g_syscallHints
00000000000382f8 0000000000000008 b g_userIdStorage
0000000000038300 0000000000000008 b g_argv_empty
0000000000038308 000000000000000c b __sfp_recursive_mutex
0000000000038318 000000000000000c b __sinit_recursive_mutex
0000000000038328 0000000000000028 B __malloc_current_mallinfo
0000000000038350 0000000000000008 B __malloc_max_sbrked_mem
0000000000038358 0000000000000008 B __malloc_max_total_mem
0000000000038360 0000000000000008 B __malloc_top_pad
0000000000038368 000000000000000c b __malloc_recursive_mutex
0000000000038374 0000000000000004 b alloced.4086
0000000000038378 0000000000000004 b __tz_mutex
0000000000038380 000000000000000b b __tzname_dst
0000000000038390 000000000000000b b __tzname_std
00000000000383a0 0000000000000008 b prev_tzenv
00000000000383a8 0000000000000004 B _daylight
00000000000383b0 0000000000000008 B _timezone
00000000000383b8 000000000000000c B __atexit_recursive_mutex
00000000000383c8 0000000000000008 b initial_env
00000000000383d0 000000000000000c b __env_recursive_mutex
00000000000383e0 0000000000000008 b heap_start.5295
00000000000383e8 0000000000000008 B fake_heap_end
00000000000383f0 0000000000000008 B fake_heap_start
00000000000383f8 0000000000000400 b temp_cwd
00000000000387f8 0000000000000004 b __hndl_lock
0000000000038800 0000000000080000 B nx_inner_heap
00000000000b8800 0000000000000340 B __nx_exceptiondump
00000000000b8b40 0000000000000008 B __stack_top
00000000000b8b48 0000000000000008 B __system_argv
00000000000b8b50 0000000000000004 B __system_argc
00000000000b8b58 0000000000000004 B __nxlink_host
00000000000b8b60 B __tls_start
00000000000bcf68 B __bss_end__
00000000000bcf68 A __end__
00000000000bcf68 B __tls_end
00000000000bd000 A __argdata__
